#
# There is insufficient memory for the Java Runtime Environment to continue.
# Native memory allocation (malloc) failed to allocate 32744 bytes. Error detail: Chunk::new
# Possible reasons:
#   The system is out of physical RAM or swap space
#   This process is running with CompressedOops enabled, and the Java Heap may be blocking the growth of the native heap
# Possible solutions:
#   Reduce memory load on the system
#   Increase physical memory or swap space
#   Check if swap backing store is full
#   Decrease Java heap size (-Xmx/-Xms)
#   Decrease number of Java threads
#   Decrease Java thread stack sizes (-Xss)
#   Set larger code cache with -XX:ReservedCodeCacheSize=
#   JVM is running with Unscaled Compressed Oops mode in which the Java heap is
#     placed in the first 4GB address space. The Java Heap base address is the
#     maximum limit for the native heap growth. Please use -XX:HeapBaseMinAddress
#     to set the Java Heap base and to place the Java Heap above 4GB virtual address.
# This output file may be truncated or incomplete.
#
#  Out of Memory Error (arena.cpp:168), pid=12032, tid=9252
#
# JRE version: OpenJDK Runtime Environment Temurin-21.0.8+9 (21.0.8+9) (build 21.0.8+9-LTS)
# Java VM: OpenJDK 64-Bit Server VM Temurin-21.0.8+9 (21.0.8+9-LTS, mixed mode, sharing, tiered, compressed oops, compressed class ptrs, g1 gc, windows-amd64)
# No core dump will be written. Minidumps are not enabled by default on client versions of Windows
#

---------------  S U M M A R Y ------------

Command Line: --enable-native-access=ALL-UNNAMED -Dclassworlds.conf=C:\Users\Usuario\.m2\wrapper\dists\apache-maven-3.9.11\03d7e36a140982eea48e22c1dcac01d8862b2550b2939e09a0809bbc5182a5bc\bin\m2.conf -Dmaven.home=C:\Users\Usuario\.m2\wrapper\dists\apache-maven-3.9.11\03d7e36a140982eea48e22c1dcac01d8862b2550b2939e09a0809bbc5182a5bc -Dlibrary.jansi.path=C:\Users\Usuario\.m2\wrapper\dists\apache-maven-3.9.11\03d7e36a140982eea48e22c1dcac01d8862b2550b2939e09a0809bbc5182a5bc\lib\jansi-native -Dmaven.multiModuleProjectDirectory=c:\Users\Usuario\Desktop\Arqui\ArquiSoft-Grupo-1 org.codehaus.plexus.classworlds.launcher.Launcher -q help:effective-pom -Doutput=c:\Users\Usuario\Desktop\Arqui\ArquiSoft-Grupo-1\effective-pom.xml

Host: AMD Ryzen 3 4300U with Radeon Graphics         , 4 cores, 7G,  Windows 11 , 64 bit Build 26100 (10.0.26100.7019)
Time: Fri Dec  5 10:53:24 2025 Hora est. Pacífico, Sudamérica elapsed time: 1.045161 seconds (0d 0h 0m 1s)

---------------  T H R E A D  ---------------

Current thread (0x000001d5fddd9d50):  JavaThread "C1 CompilerThread0" daemon [_thread_in_native, id=9252, stack(0x000000990c400000,0x000000990c500000) (1024K)]


Current CompileTask:
C1:1045  877       3       java.net.URLStreamHandler::parseURL (1124 bytes)

Stack: [0x000000990c400000,0x000000990c500000]
Native frames: (J=compiled Java code, j=interpreted, Vv=VM code, C=native code)
V  [jvm.dll+0x6d2449]
V  [jvm.dll+0x8ae341]
V  [jvm.dll+0x8b08be]
V  [jvm.dll+0x8b0fa3]
V  [jvm.dll+0x280c96]
V  [jvm.dll+0xc581d]
V  [jvm.dll+0xc5d53]
V  [jvm.dll+0x1961a3]
V  [jvm.dll+0x19626d]
V  [jvm.dll+0x1987f9]
V  [jvm.dll+0x199f34]
V  [jvm.dll+0x154bf3]
V  [jvm.dll+0x154438]
V  [jvm.dll+0x154684]
V  [jvm.dll+0x153ab6]
V  [jvm.dll+0x15588d]
V  [jvm.dll+0x257d4d]
V  [jvm.dll+0x2562ea]
V  [jvm.dll+0x3f2d16]
V  [jvm.dll+0x857e6b]
V  [jvm.dll+0x6d0b0d]
C  [ucrtbase.dll+0x37b0]
C  [KERNEL32.DLL+0x2e8d7]
C  [ntdll.dll+0x8c53c]


---------------  P R O C E S S  ---------------

Threads class SMR info:
_java_thread_list=0x000001d5fdf60fe0, length=11, elements={
0x000001d5f0d0f060, 0x000001d5fddbf750, 0x000001d5fddc0d10, 0x000001d5fddca910,
0x000001d5fddcb360, 0x000001d5fddcc920, 0x000001d5fddcd370, 0x000001d5fddcec60,
0x000001d5fddd9d50, 0x000001d5fdf1b370, 0x000001d5fdf2cbf0
}

Java Threads: ( => current thread )
  0x000001d5f0d0f060 JavaThread "main"                              [_thread_in_native, id=8624, stack(0x000000990b500000,0x000000990b600000) (1024K)]
  0x000001d5fddbf750 JavaThread "Reference Handler"          daemon [_thread_blocked, id=5084, stack(0x000000990bd00000,0x000000990be00000) (1024K)]
  0x000001d5fddc0d10 JavaThread "Finalizer"                  daemon [_thread_blocked, id=2276, stack(0x000000990be00000,0x000000990bf00000) (1024K)]
  0x000001d5fddca910 JavaThread "Signal Dispatcher"          daemon [_thread_blocked, id=8036, stack(0x000000990bf00000,0x000000990c000000) (1024K)]
  0x000001d5fddcb360 JavaThread "Attach Listener"            daemon [_thread_blocked, id=7120, stack(0x000000990c000000,0x000000990c100000) (1024K)]
  0x000001d5fddcc920 JavaThread "Service Thread"             daemon [_thread_blocked, id=16584, stack(0x000000990c100000,0x000000990c200000) (1024K)]
  0x000001d5fddcd370 JavaThread "Monitor Deflation Thread"   daemon [_thread_blocked, id=8888, stack(0x000000990c200000,0x000000990c300000) (1024K)]
  0x000001d5fddcec60 JavaThread "C2 CompilerThread0"         daemon [_thread_blocked, id=12456, stack(0x000000990c300000,0x000000990c400000) (1024K)]
=>0x000001d5fddd9d50 JavaThread "C1 CompilerThread0"         daemon [_thread_in_native, id=9252, stack(0x000000990c400000,0x000000990c500000) (1024K)]
  0x000001d5fdf1b370 JavaThread "Notification Thread"        daemon [_thread_blocked, id=6692, stack(0x000000990c500000,0x000000990c600000) (1024K)]
  0x000001d5fdf2cbf0 JavaThread "Common-Cleaner"             daemon [_thread_blocked, id=1348, stack(0x000000990c600000,0x000000990c700000) (1024K)]
Total: 11

Other Threads:
  0x000001d5fdda61b0 VMThread "VM Thread"                           [id=2224, stack(0x000000990bc00000,0x000000990bd00000) (1024K)]
  0x000001d5fdd92610 WatcherThread "VM Periodic Task Thread"        [id=5860, stack(0x000000990bb00000,0x000000990bc00000) (1024K)]
  0x000001d5f0d5d8c0 WorkerThread "GC Thread#0"                     [id=18056, stack(0x000000990b600000,0x000000990b700000) (1024K)]
  0x000001d5fea38930 WorkerThread "GC Thread#1"                     [id=16424, stack(0x000000990c700000,0x000000990c800000) (1024K)]
  0x000001d5fe55b780 WorkerThread "GC Thread#2"                     [id=2520, stack(0x000000990c800000,0x000000990c900000) (1024K)]
  0x000001d5fe55bb20 WorkerThread "GC Thread#3"                     [id=11716, stack(0x000000990c900000,0x000000990ca00000) (1024K)]
  0x000001d5f0d6d460 ConcurrentGCThread "G1 Main Marker"            [id=9936, stack(0x000000990b700000,0x000000990b800000) (1024K)]
  0x000001d5f0d6ede0 WorkerThread "G1 Conc#0"                       [id=16956, stack(0x000000990b800000,0x000000990b900000) (1024K)]
  0x000001d5f0dceb60 ConcurrentGCThread "G1 Refine#0"               [id=16616, stack(0x000000990b900000,0x000000990ba00000) (1024K)]
  0x000001d5fdc63b20 ConcurrentGCThread "G1 Service"                [id=15284, stack(0x000000990ba00000,0x000000990bb00000) (1024K)]
Total: 10

Threads with active compile tasks:
C1 CompilerThread0  1106  877       3       java.net.URLStreamHandler::parseURL (1124 bytes)
Total: 1

VM state: not at safepoint (normal execution)

VM Mutex/Monitor currently owned by a thread: None

Heap address: 0x000000008a200000, size: 1886 MB, Compressed Oops mode: 32-bit

CDS archive(s) mapped at: [0x000001d58f000000-0x000001d58fc80000-0x000001d58fc80000), size 13107200, SharedBaseAddress: 0x000001d58f000000, ArchiveRelocationMode: 1.
Compressed class space mapped at: 0x000001d590000000-0x000001d5d0000000, reserved size: 1073741824
Narrow klass base: 0x000001d58f000000, Narrow klass shift: 0, Narrow klass range: 0x100000000

GC Precious Log:
 CardTable entry size: 512
 Card Set container configuration: InlinePtr #cards 5 size 8 Array Of Cards #cards 12 size 40 Howl #buckets 4 coarsen threshold 1843 Howl Bitmap #cards 512 size 80 coarsen threshold 460 Card regions per heap region 1 cards per card region 2048
 CPUs: 4 total, 4 available
 Memory: 7538M
 Large Page Support: Disabled
 NUMA Support: Disabled
 Compressed Oops: Enabled (32-bit)
 Heap Region Size: 1M
 Heap Min Capacity: 8M
 Heap Initial Capacity: 118M
 Heap Max Capacity: 1886M
 Pre-touch: Disabled
 Parallel Workers: 4
 Concurrent Workers: 1
 Concurrent Refinement Workers: 4
 Periodic GC: Disabled

Heap:
 garbage-first heap   total 120832K, used 3264K [0x000000008a200000, 0x0000000100000000)
  region size 1024K, 3 young (3072K), 2 survivors (2048K)
 Metaspace       used 3647K, committed 3840K, reserved 1114112K
  class space    used 375K, committed 512K, reserved 1048576K

Heap Regions: E=young(eden), S=young(survivor), O=old, HS=humongous(starts), HC=humongous(continues), CS=collection set, F=free, TAMS=top-at-mark-start, PB=parsable bottom
|   0|0x000000008a200000, 0x000000008a300000, 0x000000008a300000|100%| O|  |TAMS 0x000000008a200000| PB 0x000000008a200000| Untracked 
|   1|0x000000008a300000, 0x000000008a330000, 0x000000008a400000| 18%| O|  |TAMS 0x000000008a300000| PB 0x000000008a300000| Untracked 
|   2|0x000000008a400000, 0x000000008a400000, 0x000000008a500000|  0%| F|  |TAMS 0x000000008a400000| PB 0x000000008a400000| Untracked 
|   3|0x000000008a500000, 0x000000008a500000, 0x000000008a600000|  0%| F|  |TAMS 0x000000008a500000| PB 0x000000008a500000| Untracked 
|   4|0x000000008a600000, 0x000000008a600000, 0x000000008a700000|  0%| F|  |TAMS 0x000000008a600000| PB 0x000000008a600000| Untracked 
|   5|0x000000008a700000, 0x000000008a700000, 0x000000008a800000|  0%| F|  |TAMS 0x000000008a700000| PB 0x000000008a700000| Untracked 
|   6|0x000000008a800000, 0x000000008a800000, 0x000000008a900000|  0%| F|  |TAMS 0x000000008a800000| PB 0x000000008a800000| Untracked 
|   7|0x000000008a900000, 0x000000008a900000, 0x000000008aa00000|  0%| F|  |TAMS 0x000000008a900000| PB 0x000000008a900000| Untracked 
|   8|0x000000008aa00000, 0x000000008aa00000, 0x000000008ab00000|  0%| F|  |TAMS 0x000000008aa00000| PB 0x000000008aa00000| Untracked 
|   9|0x000000008ab00000, 0x000000008ab00000, 0x000000008ac00000|  0%| F|  |TAMS 0x000000008ab00000| PB 0x000000008ab00000| Untracked 
|  10|0x000000008ac00000, 0x000000008ac00000, 0x000000008ad00000|  0%| F|  |TAMS 0x000000008ac00000| PB 0x000000008ac00000| Untracked 
|  11|0x000000008ad00000, 0x000000008ad00000, 0x000000008ae00000|  0%| F|  |TAMS 0x000000008ad00000| PB 0x000000008ad00000| Untracked 
|  12|0x000000008ae00000, 0x000000008ae00000, 0x000000008af00000|  0%| F|  |TAMS 0x000000008ae00000| PB 0x000000008ae00000| Untracked 
|  13|0x000000008af00000, 0x000000008af00000, 0x000000008b000000|  0%| F|  |TAMS 0x000000008af00000| PB 0x000000008af00000| Untracked 
|  14|0x000000008b000000, 0x000000008b000000, 0x000000008b100000|  0%| F|  |TAMS 0x000000008b000000| PB 0x000000008b000000| Untracked 
|  15|0x000000008b100000, 0x000000008b100000, 0x000000008b200000|  0%| F|  |TAMS 0x000000008b100000| PB 0x000000008b100000| Untracked 
|  16|0x000000008b200000, 0x000000008b200000, 0x000000008b300000|  0%| F|  |TAMS 0x000000008b200000| PB 0x000000008b200000| Untracked 
|  17|0x000000008b300000, 0x000000008b300000, 0x000000008b400000|  0%| F|  |TAMS 0x000000008b300000| PB 0x000000008b300000| Untracked 
|  18|0x000000008b400000, 0x000000008b400000, 0x000000008b500000|  0%| F|  |TAMS 0x000000008b400000| PB 0x000000008b400000| Untracked 
|  19|0x000000008b500000, 0x000000008b500000, 0x000000008b600000|  0%| F|  |TAMS 0x000000008b500000| PB 0x000000008b500000| Untracked 
|  20|0x000000008b600000, 0x000000008b600000, 0x000000008b700000|  0%| F|  |TAMS 0x000000008b600000| PB 0x000000008b600000| Untracked 
|  21|0x000000008b700000, 0x000000008b700000, 0x000000008b800000|  0%| F|  |TAMS 0x000000008b700000| PB 0x000000008b700000| Untracked 
|  22|0x000000008b800000, 0x000000008b800000, 0x000000008b900000|  0%| F|  |TAMS 0x000000008b800000| PB 0x000000008b800000| Untracked 
|  23|0x000000008b900000, 0x000000008b900000, 0x000000008ba00000|  0%| F|  |TAMS 0x000000008b900000| PB 0x000000008b900000| Untracked 
|  24|0x000000008ba00000, 0x000000008ba00000, 0x000000008bb00000|  0%| F|  |TAMS 0x000000008ba00000| PB 0x000000008ba00000| Untracked 
|  25|0x000000008bb00000, 0x000000008bb00000, 0x000000008bc00000|  0%| F|  |TAMS 0x000000008bb00000| PB 0x000000008bb00000| Untracked 
|  26|0x000000008bc00000, 0x000000008bc00000, 0x000000008bd00000|  0%| F|  |TAMS 0x000000008bc00000| PB 0x000000008bc00000| Untracked 
|  27|0x000000008bd00000, 0x000000008bd00000, 0x000000008be00000|  0%| F|  |TAMS 0x000000008bd00000| PB 0x000000008bd00000| Untracked 
|  28|0x000000008be00000, 0x000000008be00000, 0x000000008bf00000|  0%| F|  |TAMS 0x000000008be00000| PB 0x000000008be00000| Untracked 
|  29|0x000000008bf00000, 0x000000008bf00000, 0x000000008c000000|  0%| F|  |TAMS 0x000000008bf00000| PB 0x000000008bf00000| Untracked 
|  30|0x000000008c000000, 0x000000008c000000, 0x000000008c100000|  0%| F|  |TAMS 0x000000008c000000| PB 0x000000008c000000| Untracked 
|  31|0x000000008c100000, 0x000000008c100000, 0x000000008c200000|  0%| F|  |TAMS 0x000000008c100000| PB 0x000000008c100000| Untracked 
|  32|0x000000008c200000, 0x000000008c200000, 0x000000008c300000|  0%| F|  |TAMS 0x000000008c200000| PB 0x000000008c200000| Untracked 
|  33|0x000000008c300000, 0x000000008c300000, 0x000000008c400000|  0%| F|  |TAMS 0x000000008c300000| PB 0x000000008c300000| Untracked 
|  34|0x000000008c400000, 0x000000008c400000, 0x000000008c500000|  0%| F|  |TAMS 0x000000008c400000| PB 0x000000008c400000| Untracked 
|  35|0x000000008c500000, 0x000000008c500000, 0x000000008c600000|  0%| F|  |TAMS 0x000000008c500000| PB 0x000000008c500000| Untracked 
|  36|0x000000008c600000, 0x000000008c600000, 0x000000008c700000|  0%| F|  |TAMS 0x000000008c600000| PB 0x000000008c600000| Untracked 
|  37|0x000000008c700000, 0x000000008c700000, 0x000000008c800000|  0%| F|  |TAMS 0x000000008c700000| PB 0x000000008c700000| Untracked 
|  38|0x000000008c800000, 0x000000008c800000, 0x000000008c900000|  0%| F|  |TAMS 0x000000008c800000| PB 0x000000008c800000| Untracked 
|  39|0x000000008c900000, 0x000000008c900000, 0x000000008ca00000|  0%| F|  |TAMS 0x000000008c900000| PB 0x000000008c900000| Untracked 
|  40|0x000000008ca00000, 0x000000008ca00000, 0x000000008cb00000|  0%| F|  |TAMS 0x000000008ca00000| PB 0x000000008ca00000| Untracked 
|  41|0x000000008cb00000, 0x000000008cb00000, 0x000000008cc00000|  0%| F|  |TAMS 0x000000008cb00000| PB 0x000000008cb00000| Untracked 
|  42|0x000000008cc00000, 0x000000008cc00000, 0x000000008cd00000|  0%| F|  |TAMS 0x000000008cc00000| PB 0x000000008cc00000| Untracked 
|  43|0x000000008cd00000, 0x000000008cd00000, 0x000000008ce00000|  0%| F|  |TAMS 0x000000008cd00000| PB 0x000000008cd00000| Untracked 
|  44|0x000000008ce00000, 0x000000008ce00000, 0x000000008cf00000|  0%| F|  |TAMS 0x000000008ce00000| PB 0x000000008ce00000| Untracked 
|  45|0x000000008cf00000, 0x000000008cf00000, 0x000000008d000000|  0%| F|  |TAMS 0x000000008cf00000| PB 0x000000008cf00000| Untracked 
|  46|0x000000008d000000, 0x000000008d000000, 0x000000008d100000|  0%| F|  |TAMS 0x000000008d000000| PB 0x000000008d000000| Untracked 
|  47|0x000000008d100000, 0x000000008d100000, 0x000000008d200000|  0%| F|  |TAMS 0x000000008d100000| PB 0x000000008d100000| Untracked 
|  48|0x000000008d200000, 0x000000008d200000, 0x000000008d300000|  0%| F|  |TAMS 0x000000008d200000| PB 0x000000008d200000| Untracked 
|  49|0x000000008d300000, 0x000000008d300000, 0x000000008d400000|  0%| F|  |TAMS 0x000000008d300000| PB 0x000000008d300000| Untracked 
|  50|0x000000008d400000, 0x000000008d400000, 0x000000008d500000|  0%| F|  |TAMS 0x000000008d400000| PB 0x000000008d400000| Untracked 
|  51|0x000000008d500000, 0x000000008d500000, 0x000000008d600000|  0%| F|  |TAMS 0x000000008d500000| PB 0x000000008d500000| Untracked 
|  52|0x000000008d600000, 0x000000008d600000, 0x000000008d700000|  0%| F|  |TAMS 0x000000008d600000| PB 0x000000008d600000| Untracked 
|  53|0x000000008d700000, 0x000000008d700000, 0x000000008d800000|  0%| F|  |TAMS 0x000000008d700000| PB 0x000000008d700000| Untracked 
|  54|0x000000008d800000, 0x000000008d800000, 0x000000008d900000|  0%| F|  |TAMS 0x000000008d800000| PB 0x000000008d800000| Untracked 
|  55|0x000000008d900000, 0x000000008d900000, 0x000000008da00000|  0%| F|  |TAMS 0x000000008d900000| PB 0x000000008d900000| Untracked 
|  56|0x000000008da00000, 0x000000008da00000, 0x000000008db00000|  0%| F|  |TAMS 0x000000008da00000| PB 0x000000008da00000| Untracked 
|  57|0x000000008db00000, 0x000000008db00000, 0x000000008dc00000|  0%| F|  |TAMS 0x000000008db00000| PB 0x000000008db00000| Untracked 
|  58|0x000000008dc00000, 0x000000008dc00000, 0x000000008dd00000|  0%| F|  |TAMS 0x000000008dc00000| PB 0x000000008dc00000| Untracked 
|  59|0x000000008dd00000, 0x000000008dd00000, 0x000000008de00000|  0%| F|  |TAMS 0x000000008dd00000| PB 0x000000008dd00000| Untracked 
|  60|0x000000008de00000, 0x000000008de00000, 0x000000008df00000|  0%| F|  |TAMS 0x000000008de00000| PB 0x000000008de00000| Untracked 
|  61|0x000000008df00000, 0x000000008df00000, 0x000000008e000000|  0%| F|  |TAMS 0x000000008df00000| PB 0x000000008df00000| Untracked 
|  62|0x000000008e000000, 0x000000008e000000, 0x000000008e100000|  0%| F|  |TAMS 0x000000008e000000| PB 0x000000008e000000| Untracked 
|  63|0x000000008e100000, 0x000000008e100000, 0x000000008e200000|  0%| F|  |TAMS 0x000000008e100000| PB 0x000000008e100000| Untracked 
|  64|0x000000008e200000, 0x000000008e200000, 0x000000008e300000|  0%| F|  |TAMS 0x000000008e200000| PB 0x000000008e200000| Untracked 
|  65|0x000000008e300000, 0x000000008e300000, 0x000000008e400000|  0%| F|  |TAMS 0x000000008e300000| PB 0x000000008e300000| Untracked 
|  66|0x000000008e400000, 0x000000008e400000, 0x000000008e500000|  0%| F|  |TAMS 0x000000008e400000| PB 0x000000008e400000| Untracked 
|  67|0x000000008e500000, 0x000000008e500000, 0x000000008e600000|  0%| F|  |TAMS 0x000000008e500000| PB 0x000000008e500000| Untracked 
|  68|0x000000008e600000, 0x000000008e600000, 0x000000008e700000|  0%| F|  |TAMS 0x000000008e600000| PB 0x000000008e600000| Untracked 
|  69|0x000000008e700000, 0x000000008e700000, 0x000000008e800000|  0%| F|  |TAMS 0x000000008e700000| PB 0x000000008e700000| Untracked 
|  70|0x000000008e800000, 0x000000008e800000, 0x000000008e900000|  0%| F|  |TAMS 0x000000008e800000| PB 0x000000008e800000| Untracked 
|  71|0x000000008e900000, 0x000000008e900000, 0x000000008ea00000|  0%| F|  |TAMS 0x000000008e900000| PB 0x000000008e900000| Untracked 
|  72|0x000000008ea00000, 0x000000008ea00000, 0x000000008eb00000|  0%| F|  |TAMS 0x000000008ea00000| PB 0x000000008ea00000| Untracked 
|  73|0x000000008eb00000, 0x000000008eb00000, 0x000000008ec00000|  0%| F|  |TAMS 0x000000008eb00000| PB 0x000000008eb00000| Untracked 
|  74|0x000000008ec00000, 0x000000008ec00000, 0x000000008ed00000|  0%| F|  |TAMS 0x000000008ec00000| PB 0x000000008ec00000| Untracked 
|  75|0x000000008ed00000, 0x000000008ed00000, 0x000000008ee00000|  0%| F|  |TAMS 0x000000008ed00000| PB 0x000000008ed00000| Untracked 
|  76|0x000000008ee00000, 0x000000008ee00000, 0x000000008ef00000|  0%| F|  |TAMS 0x000000008ee00000| PB 0x000000008ee00000| Untracked 
|  77|0x000000008ef00000, 0x000000008ef00000, 0x000000008f000000|  0%| F|  |TAMS 0x000000008ef00000| PB 0x000000008ef00000| Untracked 
|  78|0x000000008f000000, 0x000000008f000000, 0x000000008f100000|  0%| F|  |TAMS 0x000000008f000000| PB 0x000000008f000000| Untracked 
|  79|0x000000008f100000, 0x000000008f100000, 0x000000008f200000|  0%| F|  |TAMS 0x000000008f100000| PB 0x000000008f100000| Untracked 
|  80|0x000000008f200000, 0x000000008f200000, 0x000000008f300000|  0%| F|  |TAMS 0x000000008f200000| PB 0x000000008f200000| Untracked 
|  81|0x000000008f300000, 0x000000008f300000, 0x000000008f400000|  0%| F|  |TAMS 0x000000008f300000| PB 0x000000008f300000| Untracked 
|  82|0x000000008f400000, 0x000000008f400000, 0x000000008f500000|  0%| F|  |TAMS 0x000000008f400000| PB 0x000000008f400000| Untracked 
|  83|0x000000008f500000, 0x000000008f500000, 0x000000008f600000|  0%| F|  |TAMS 0x000000008f500000| PB 0x000000008f500000| Untracked 
|  84|0x000000008f600000, 0x000000008f600000, 0x000000008f700000|  0%| F|  |TAMS 0x000000008f600000| PB 0x000000008f600000| Untracked 
|  85|0x000000008f700000, 0x000000008f700000, 0x000000008f800000|  0%| F|  |TAMS 0x000000008f700000| PB 0x000000008f700000| Untracked 
|  86|0x000000008f800000, 0x000000008f800000, 0x000000008f900000|  0%| F|  |TAMS 0x000000008f800000| PB 0x000000008f800000| Untracked 
|  87|0x000000008f900000, 0x000000008f900000, 0x000000008fa00000|  0%| F|  |TAMS 0x000000008f900000| PB 0x000000008f900000| Untracked 
|  88|0x000000008fa00000, 0x000000008fa00000, 0x000000008fb00000|  0%| F|  |TAMS 0x000000008fa00000| PB 0x000000008fa00000| Untracked 
|  89|0x000000008fb00000, 0x000000008fb00000, 0x000000008fc00000|  0%| F|  |TAMS 0x000000008fb00000| PB 0x000000008fb00000| Untracked 
|  90|0x000000008fc00000, 0x000000008fc00000, 0x000000008fd00000|  0%| F|  |TAMS 0x000000008fc00000| PB 0x000000008fc00000| Untracked 
|  91|0x000000008fd00000, 0x000000008fd00000, 0x000000008fe00000|  0%| F|  |TAMS 0x000000008fd00000| PB 0x000000008fd00000| Untracked 
|  92|0x000000008fe00000, 0x000000008fe00000, 0x000000008ff00000|  0%| F|  |TAMS 0x000000008fe00000| PB 0x000000008fe00000| Untracked 
|  93|0x000000008ff00000, 0x000000008ff00000, 0x0000000090000000|  0%| F|  |TAMS 0x000000008ff00000| PB 0x000000008ff00000| Untracked 
|  94|0x0000000090000000, 0x0000000090000000, 0x0000000090100000|  0%| F|  |TAMS 0x0000000090000000| PB 0x0000000090000000| Untracked 
|  95|0x0000000090100000, 0x0000000090100000, 0x0000000090200000|  0%| F|  |TAMS 0x0000000090100000| PB 0x0000000090100000| Untracked 
|  96|0x0000000090200000, 0x0000000090200000, 0x0000000090300000|  0%| F|  |TAMS 0x0000000090200000| PB 0x0000000090200000| Untracked 
|  97|0x0000000090300000, 0x0000000090300000, 0x0000000090400000|  0%| F|  |TAMS 0x0000000090300000| PB 0x0000000090300000| Untracked 
|  98|0x0000000090400000, 0x0000000090400000, 0x0000000090500000|  0%| F|  |TAMS 0x0000000090400000| PB 0x0000000090400000| Untracked 
|  99|0x0000000090500000, 0x0000000090500000, 0x0000000090600000|  0%| F|  |TAMS 0x0000000090500000| PB 0x0000000090500000| Untracked 
| 100|0x0000000090600000, 0x0000000090600000, 0x0000000090700000|  0%| F|  |TAMS 0x0000000090600000| PB 0x0000000090600000| Untracked 
| 101|0x0000000090700000, 0x0000000090700000, 0x0000000090800000|  0%| F|  |TAMS 0x0000000090700000| PB 0x0000000090700000| Untracked 
| 102|0x0000000090800000, 0x0000000090800000, 0x0000000090900000|  0%| F|  |TAMS 0x0000000090800000| PB 0x0000000090800000| Untracked 
| 103|0x0000000090900000, 0x0000000090a00000, 0x0000000090a00000|100%| S|CS|TAMS 0x0000000090900000| PB 0x0000000090900000| Complete 
| 104|0x0000000090a00000, 0x0000000090b00000, 0x0000000090b00000|100%| S|CS|TAMS 0x0000000090a00000| PB 0x0000000090a00000| Complete 
| 105|0x0000000090b00000, 0x0000000090b00000, 0x0000000090c00000|  0%| F|  |TAMS 0x0000000090b00000| PB 0x0000000090b00000| Untracked 
| 106|0x0000000090c00000, 0x0000000090c00000, 0x0000000090d00000|  0%| F|  |TAMS 0x0000000090c00000| PB 0x0000000090c00000| Untracked 
| 107|0x0000000090d00000, 0x0000000090d00000, 0x0000000090e00000|  0%| F|  |TAMS 0x0000000090d00000| PB 0x0000000090d00000| Untracked 
| 108|0x0000000090e00000, 0x0000000090e00000, 0x0000000090f00000|  0%| F|  |TAMS 0x0000000090e00000| PB 0x0000000090e00000| Untracked 
| 109|0x0000000090f00000, 0x0000000090f00000, 0x0000000091000000|  0%| F|  |TAMS 0x0000000090f00000| PB 0x0000000090f00000| Untracked 
| 110|0x0000000091000000, 0x0000000091000000, 0x0000000091100000|  0%| F|  |TAMS 0x0000000091000000| PB 0x0000000091000000| Untracked 
| 111|0x0000000091100000, 0x0000000091100000, 0x0000000091200000|  0%| F|  |TAMS 0x0000000091100000| PB 0x0000000091100000| Untracked 
| 112|0x0000000091200000, 0x0000000091200000, 0x0000000091300000|  0%| F|  |TAMS 0x0000000091200000| PB 0x0000000091200000| Untracked 
| 113|0x0000000091300000, 0x0000000091300000, 0x0000000091400000|  0%| F|  |TAMS 0x0000000091300000| PB 0x0000000091300000| Untracked 
| 114|0x0000000091400000, 0x0000000091400000, 0x0000000091500000|  0%| F|  |TAMS 0x0000000091400000| PB 0x0000000091400000| Untracked 
| 115|0x0000000091500000, 0x0000000091500000, 0x0000000091600000|  0%| F|  |TAMS 0x0000000091500000| PB 0x0000000091500000| Untracked 
| 116|0x0000000091600000, 0x0000000091600000, 0x0000000091700000|  0%| F|  |TAMS 0x0000000091600000| PB 0x0000000091600000| Untracked 
| 117|0x0000000091700000, 0x0000000091797a30, 0x0000000091800000| 59%| E|  |TAMS 0x0000000091700000| PB 0x0000000091700000| Complete 

Card table byte_map: [0x000001d5f97c0000,0x000001d5f9b70000] _byte_map_base: 0x000001d5f936f000

Marking Bits: (CMBitMap*) 0x000001d5f0d5dfc0
 Bits: [0x000001d5f9b70000, 0x000001d5fb8e8000)

Polling page: 0x000001d5eeaa0000

Metaspace:

Usage:
  Non-class:      3.21 MB used.
      Class:    379.61 KB used.
       Both:      3.58 MB used.

Virtual space:
  Non-class space:       64.00 MB reserved,       3.31 MB (  5%) committed,  1 nodes.
      Class space:        1.00 GB reserved,     512.00 KB ( <1%) committed,  1 nodes.
             Both:        1.06 GB reserved,       3.81 MB ( <1%) committed. 

Chunk freelists:
   Non-Class:  10.30 MB
       Class:  15.49 MB
        Both:  25.78 MB

MaxMetaspaceSize: unlimited
CompressedClassSpaceSize: 1.00 GB
Initial GC threshold: 21.00 MB
Current GC threshold: 21.00 MB
CDS: on
 - commit_granule_bytes: 65536.
 - commit_granule_words: 8192.
 - virtual_space_node_default_size: 8388608.
 - enlarge_chunks_in_place: 1.
 - use_allocation_guard: 0.


Internal statistics:

num_allocs_failed_limit: 0.
num_arena_births: 40.
num_arena_deaths: 0.
num_vsnodes_births: 2.
num_vsnodes_deaths: 0.
num_space_committed: 61.
num_space_uncommitted: 0.
num_chunks_returned_to_freelist: 0.
num_chunks_taken_from_freelist: 135.
num_chunk_merges: 0.
num_chunk_splits: 88.
num_chunks_enlarged: 71.
num_inconsistent_stats: 0.

CodeHeap 'non-profiled nmethods': size=120000Kb used=290Kb max_used=290Kb free=119709Kb
 bounds [0x000001d587ad0000, 0x000001d587d40000, 0x000001d58f000000]
CodeHeap 'profiled nmethods': size=120000Kb used=1573Kb max_used=1573Kb free=118426Kb
 bounds [0x000001d580000000, 0x000001d580270000, 0x000001d587530000]
CodeHeap 'non-nmethods': size=5760Kb used=1343Kb max_used=1361Kb free=4416Kb
 bounds [0x000001d587530000, 0x000001d5877a0000, 0x000001d587ad0000]
CodeCache: size=245760Kb, used=3206Kb, max_used=3224Kb, free=242551Kb
 total_blobs=1326, nmethods=875, adapters=356, full_count=0
Compilation: enabled, stopped_count=0, restarted_count=0

Compilation events (20 events):
Event: 0.979 Thread 0x000001d5fddd9d50 nmethod 866 0x000001d580184a90 code [0x000001d580184c80, 0x000001d580185130]
Event: 0.979 Thread 0x000001d5fddd9d50  867       3       java.util.zip.InflaterInputStream::<init> (70 bytes)
Event: 0.980 Thread 0x000001d5fddd9d50 nmethod 867 0x000001d580185310 code [0x000001d580185520, 0x000001d580185c20]
Event: 0.980 Thread 0x000001d5fddd9d50  868       3       java.util.zip.ZipFile$InflaterCleanupAction::<init> (15 bytes)
Event: 0.980 Thread 0x000001d5fddd9d50 nmethod 868 0x000001d580185e10 code [0x000001d580185fc0, 0x000001d5801861e0]
Event: 0.980 Thread 0x000001d5fddd9d50  869       3       java.util.zip.ZipUtils::LOCNAM (7 bytes)
Event: 0.980 Thread 0x000001d5fddd9d50 nmethod 869 0x000001d580186290 code [0x000001d580186440, 0x000001d5801865e0]
Event: 0.980 Thread 0x000001d5fddd9d50  870   !   3       java.util.zip.Inflater::setInput (56 bytes)
Event: 0.980 Thread 0x000001d5fddd9d50 nmethod 870 0x000001d580186710 code [0x000001d5801868e0, 0x000001d580186cb8]
Event: 0.980 Thread 0x000001d5fddd9d50  871   !   3       java.util.zip.ZipFile$ZipFileInflaterInputStream::close (67 bytes)
Event: 0.981 Thread 0x000001d5fddd9d50 nmethod 871 0x000001d580186e90 code [0x000001d5801870e0, 0x000001d580187930]
Event: 0.981 Thread 0x000001d5fddd9d50  872       3       java.util.zip.ZipFile$InflaterCleanupAction::run (12 bytes)
Event: 0.981 Thread 0x000001d5fddd9d50 nmethod 872 0x000001d580187d10 code [0x000001d580187ec0, 0x000001d580188020]
Event: 0.981 Thread 0x000001d5fddd9d50  873   !   3       java.util.zip.ZipFile$CleanableResource::releaseInflater (53 bytes)
Event: 0.982 Thread 0x000001d5fddd9d50 nmethod 873 0x000001d580188110 code [0x000001d580188300, 0x000001d580188748]
Event: 0.982 Thread 0x000001d5fddd9d50  874   !   3       java.util.zip.Inflater::reset (64 bytes)
Event: 0.982 Thread 0x000001d5fddd9d50 nmethod 874 0x000001d580188910 code [0x000001d580188ae0, 0x000001d580188e60]
Event: 0.985 Thread 0x000001d5fddd9d50  875       3       java.lang.Package::isSealed (26 bytes)
Event: 0.986 Thread 0x000001d5fddd9d50 nmethod 875 0x000001d580189010 code [0x000001d5801891c0, 0x000001d5801894a8]
Event: 0.986 Thread 0x000001d5fddd9d50  877       3       java.net.URLStreamHandler::parseURL (1124 bytes)

GC Heap History (0 events):
No events

Dll operation events (8 events):
Event: 0.011 Loaded shared library C:\Program Files\Eclipse Adoptium\jdk-21.0.8.9-hotspot\bin\java.dll
Event: 0.050 Loaded shared library C:\Program Files\Eclipse Adoptium\jdk-21.0.8.9-hotspot\bin\jsvml.dll
Event: 0.078 Loaded shared library C:\Program Files\Eclipse Adoptium\jdk-21.0.8.9-hotspot\bin\net.dll
Event: 0.080 Loaded shared library C:\Program Files\Eclipse Adoptium\jdk-21.0.8.9-hotspot\bin\nio.dll
Event: 0.087 Loaded shared library C:\Program Files\Eclipse Adoptium\jdk-21.0.8.9-hotspot\bin\zip.dll
Event: 0.410 Loaded shared library C:\Program Files\Eclipse Adoptium\jdk-21.0.8.9-hotspot\bin\jimage.dll
Event: 0.416 Loaded shared library C:\Users\Usuario\.m2\wrapper\dists\apache-maven-3.9.11\03d7e36a140982eea48e22c1dcac01d8862b2550b2939e09a0809bbc5182a5bc\lib\jansi-native\Windows\x86_64\jansi.dll
Event: 0.433 Loaded shared library C:\Program Files\Eclipse Adoptium\jdk-21.0.8.9-hotspot\bin\verify.dll

Deoptimization events (20 events):
Event: 0.739 Thread 0x000001d5f0d0f060 Uncommon trap: trap_request=0xffffff45 fr.pc=0x000001d587b0c90c relative=0x000000000000074c
Event: 0.739 Thread 0x000001d5f0d0f060 Uncommon trap: reason=unstable_if action=reinterpret pc=0x000001d587b0c90c method=java.util.regex.Matcher.search(I)Z @ 30 c2
Event: 0.739 Thread 0x000001d5f0d0f060 DEOPT PACKING pc=0x000001d587b0c90c sp=0x000000990b5fdda0
Event: 0.739 Thread 0x000001d5f0d0f060 DEOPT UNPACKING pc=0x000001d5875846a2 sp=0x000000990b5fdd80 mode 2
Event: 0.745 Thread 0x000001d5f0d0f060 Uncommon trap: trap_request=0xffffff45 fr.pc=0x000001d587ae2334 relative=0x00000000000004d4
Event: 0.745 Thread 0x000001d5f0d0f060 Uncommon trap: reason=unstable_if action=reinterpret pc=0x000001d587ae2334 method=java.lang.StringLatin1.canEncode(I)Z @ 4 c2
Event: 0.745 Thread 0x000001d5f0d0f060 DEOPT PACKING pc=0x000001d587ae2334 sp=0x000000990b5fe3d0
Event: 0.745 Thread 0x000001d5f0d0f060 DEOPT UNPACKING pc=0x000001d5875846a2 sp=0x000000990b5fe308 mode 2
Event: 0.746 Thread 0x000001d5f0d0f060 Uncommon trap: trap_request=0xffffff45 fr.pc=0x000001d587ae3108 relative=0x00000000000004a8
Event: 0.746 Thread 0x000001d5f0d0f060 Uncommon trap: reason=unstable_if action=reinterpret pc=0x000001d587ae3108 method=java.lang.AbstractStringBuilder.isLatin1()Z @ 10 c2
Event: 0.746 Thread 0x000001d5f0d0f060 DEOPT PACKING pc=0x000001d587ae3108 sp=0x000000990b5fe3f0
Event: 0.746 Thread 0x000001d5f0d0f060 DEOPT UNPACKING pc=0x000001d5875846a2 sp=0x000000990b5fe380 mode 2
Event: 0.750 Thread 0x000001d5f0d0f060 Uncommon trap: trap_request=0xffffff45 fr.pc=0x000001d587adf4e8 relative=0x0000000000000048
Event: 0.750 Thread 0x000001d5f0d0f060 Uncommon trap: reason=unstable_if action=reinterpret pc=0x000001d587adf4e8 method=java.lang.StringLatin1.canEncode(I)Z @ 4 c2
Event: 0.750 Thread 0x000001d5f0d0f060 DEOPT PACKING pc=0x000001d587adf4e8 sp=0x000000990b5fe380
Event: 0.750 Thread 0x000001d5f0d0f060 DEOPT UNPACKING pc=0x000001d5875846a2 sp=0x000000990b5fe310 mode 2
Event: 0.832 Thread 0x000001d5f0d0f060 DEOPT PACKING pc=0x000001d580030243 sp=0x000000990b5fd3b0
Event: 0.832 Thread 0x000001d5f0d0f060 DEOPT UNPACKING pc=0x000001d587584e42 sp=0x000000990b5fc828 mode 0
Event: 0.885 Thread 0x000001d5f0d0f060 DEOPT PACKING pc=0x000001d58005e2c9 sp=0x000000990b5fd0d0
Event: 0.885 Thread 0x000001d5f0d0f060 DEOPT UNPACKING pc=0x000001d587584e42 sp=0x000000990b5fc540 mode 0

Classes loaded (20 events):
Event: 0.685 Loading class java/text/ParseException
Event: 0.685 Loading class java/text/ParseException done
Event: 0.701 Loading class sun/util/calendar/ZoneInfoFile$Checksum
Event: 0.702 Loading class sun/util/calendar/ZoneInfoFile$Checksum done
Event: 0.705 Loading class jdk/internal/module/ModulePatcher$PatchedModuleReader
Event: 0.705 Loading class jdk/internal/module/ModulePatcher$PatchedModuleReader done
Event: 0.705 Loading class sun/net/www/protocol/jrt/Handler
Event: 0.705 Loading class sun/net/www/protocol/jrt/Handler done
Event: 0.742 Loading class sun/text/resources/cldr/FormatData_en
Event: 0.743 Loading class sun/text/resources/cldr/FormatData_en done
Event: 0.743 Loading class sun/text/resources/cldr/FormatData_en_US
Event: 0.743 Loading class sun/text/resources/cldr/FormatData_en_US done
Event: 0.875 Loading class java/io/FilterReader
Event: 0.875 Loading class java/io/FilterReader done
Event: 0.966 Loading class java/io/InvalidObjectException
Event: 0.966 Loading class java/io/ObjectStreamException
Event: 0.967 Loading class java/io/ObjectStreamException done
Event: 0.967 Loading class java/io/InvalidObjectException done
Event: 0.983 Loading class java/util/NoSuchElementException
Event: 0.983 Loading class java/util/NoSuchElementException done

Classes unloaded (0 events):
No events

Classes redefined (0 events):
No events

Internal exceptions (15 events):
Event: 0.142 Thread 0x000001d5f0d0f060 Exception <a 'java/lang/NoSuchMethodError'{0x0000000091524c90}: 'int java.lang.invoke.DirectMethodHandle$Holder.invokeSpecial(java.lang.Object, java.lang.Object, java.lang.Object)'> (0x0000000091524c90) 
thrown [s\src\hotspot\share\interpreter\linkResolver.cpp, line 773]
Event: 0.385 Thread 0x000001d5f0d0f060 Exception <a 'java/lang/NoSuchMethodError'{0x00000000913907a8}: 'java.lang.Object java.lang.invoke.Invokers$Holder.invokeExact_MT(java.lang.Object, java.lang.Object, java.lang.Object, java.lang.Object, java.lang.Object)'> (0x00000000913907a8) 
thrown [s\src\hotspot\share\interpreter\linkResolver.cpp, line 773]
Event: 0.404 Thread 0x000001d5f0d0f060 Exception <a 'java/lang/NullPointerException'{0x00000000913f50d8}> (0x00000000913f50d8) 
thrown [s\src\hotspot\share\interpreter\linkResolver.cpp, line 1372]
Event: 0.417 Thread 0x000001d5f0d0f060 Exception <a 'java/lang/NullPointerException'{0x0000000091215748}> (0x0000000091215748) 
thrown [s\src\hotspot\share\interpreter\linkResolver.cpp, line 1372]
Event: 0.417 Thread 0x000001d5f0d0f060 Exception <a 'java/lang/NullPointerException'{0x0000000091215a28}> (0x0000000091215a28) 
thrown [s\src\hotspot\share\interpreter\linkResolver.cpp, line 1372]
Event: 0.417 Thread 0x000001d5f0d0f060 Exception <a 'java/lang/NullPointerException'{0x0000000091215d08}> (0x0000000091215d08) 
thrown [s\src\hotspot\share\interpreter\linkResolver.cpp, line 1372]
Event: 0.419 Thread 0x000001d5f0d0f060 Exception <a 'java/lang/NullPointerException'{0x000000009121c208}> (0x000000009121c208) 
thrown [s\src\hotspot\share\interpreter\linkResolver.cpp, line 1372]
Event: 0.422 Thread 0x000001d5f0d0f060 Exception <a 'java/lang/NullPointerException'{0x0000000091230c88}> (0x0000000091230c88) 
thrown [s\src\hotspot\share\interpreter\linkResolver.cpp, line 1372]
Event: 0.422 Thread 0x000001d5f0d0f060 Exception <a 'java/lang/NullPointerException'{0x0000000091230f68}> (0x0000000091230f68) 
thrown [s\src\hotspot\share\interpreter\linkResolver.cpp, line 1372]
Event: 0.422 Thread 0x000001d5f0d0f060 Exception <a 'java/lang/NullPointerException'{0x0000000091231248}> (0x0000000091231248) 
thrown [s\src\hotspot\share\interpreter\linkResolver.cpp, line 1372]
Event: 0.422 Thread 0x000001d5f0d0f060 Exception <a 'java/lang/NullPointerException'{0x0000000091231528}> (0x0000000091231528) 
thrown [s\src\hotspot\share\interpreter\linkResolver.cpp, line 1372]
Event: 0.449 Thread 0x000001d5f0d0f060 Exception <a 'java/lang/NoSuchMethodError'{0x00000000912f6650}: 'void java.lang.invoke.DirectMethodHandle$Holder.invokeStatic(java.lang.Object, java.lang.Object)'> (0x00000000912f6650) 
thrown [s\src\hotspot\share\interpreter\linkResolver.cpp, line 773]
Event: 0.450 Thread 0x000001d5f0d0f060 Exception <a 'java/lang/NoSuchMethodError'{0x00000000912f9a60}: 'void java.lang.invoke.DirectMethodHandle$Holder.invokeStaticInit(java.lang.Object, java.lang.Object)'> (0x00000000912f9a60) 
thrown [s\src\hotspot\share\interpreter\linkResolver.cpp, line 773]
Event: 0.470 Thread 0x000001d5f0d0f060 Exception <a 'java/lang/NoSuchMethodError'{0x000000009114baa0}: 'void java.lang.invoke.DirectMethodHandle$Holder.invokeStatic(java.lang.Object, java.lang.Object, java.lang.Object)'> (0x000000009114baa0) 
thrown [s\src\hotspot\share\interpreter\linkResolver.cpp, line 773]
Event: 0.637 Thread 0x000001d5f0d0f060 Exception <a 'java/lang/NoSuchMethodError'{0x00000000910def88}: 'java.lang.Object java.lang.invoke.DirectMethodHandle$Holder.invokeSpecialIFC(java.lang.Object, java.lang.Object, java.lang.Object, java.lang.Object)'> (0x00000000910def88) 
thrown [s\src\hotspot\share\interpreter\linkResolver.cpp, line 773]

ZGC Phase Switch (0 events):
No events

VM Operations (6 events):
Event: 0.088 Executing VM operation: HandshakeAllThreads (Deoptimize)
Event: 0.088 Executing VM operation: HandshakeAllThreads (Deoptimize) done
Event: 0.402 Executing VM operation: HandshakeAllThreads (Deoptimize)
Event: 0.402 Executing VM operation: HandshakeAllThreads (Deoptimize) done
Event: 0.415 Executing VM operation: HandshakeAllThreads (Deoptimize)
Event: 0.415 Executing VM operation: HandshakeAllThreads (Deoptimize) done

Memory protections (0 events):
No events

Nmethod flushes (0 events):
No events

Events (13 events):
Event: 0.029 Thread 0x000001d5f0d0f060 Thread added: 0x000001d5f0d0f060
Event: 0.047 Thread 0x000001d5f0d0f060 Thread added: 0x000001d5fddbf750
Event: 0.047 Thread 0x000001d5f0d0f060 Thread added: 0x000001d5fddc0d10
Event: 0.048 Thread 0x000001d5f0d0f060 Thread added: 0x000001d5fddca910
Event: 0.048 Thread 0x000001d5f0d0f060 Thread added: 0x000001d5fddcb360
Event: 0.048 Thread 0x000001d5f0d0f060 Thread added: 0x000001d5fddcc920
Event: 0.048 Thread 0x000001d5f0d0f060 Thread added: 0x000001d5fddcd370
Event: 0.048 Thread 0x000001d5f0d0f060 Thread added: 0x000001d5fddcec60
Event: 0.048 Thread 0x000001d5f0d0f060 Thread added: 0x000001d5fddd9d50
Event: 0.071 Thread 0x000001d5f0d0f060 Thread added: 0x000001d5fdf1b370
Event: 0.073 Thread 0x000001d5f0d0f060 Thread added: 0x000001d5fdf2cbf0
Event: 0.408 Thread 0x000001d5f0d0f060 Thread added: 0x000001d5fe22e030
Event: 0.430 Thread 0x000001d5fe22e030 Thread exited: 0x000001d5fe22e030


Dynamic libraries:
0x00007ff70ed80000 - 0x00007ff70ed8e000 	C:\Program Files\Eclipse Adoptium\jdk-21.0.8.9-hotspot\bin\java.exe
0x00007ffb49620000 - 0x00007ffb49888000 	C:\WINDOWS\SYSTEM32\ntdll.dll
0x00007ffb47870000 - 0x00007ffb47939000 	C:\WINDOWS\System32\KERNEL32.DLL
0x00007ffb46980000 - 0x00007ffb46d78000 	C:\WINDOWS\System32\KERNELBASE.dll
0x00007ffb46830000 - 0x00007ffb4697b000 	C:\WINDOWS\System32\ucrtbase.dll
0x00007ffb39360000 - 0x00007ffb39378000 	C:\Program Files\Eclipse Adoptium\jdk-21.0.8.9-hotspot\bin\jli.dll
0x00007ffb47ed0000 - 0x00007ffb48097000 	C:\WINDOWS\System32\USER32.dll
0x00007ffb38fd0000 - 0x00007ffb38fee000 	C:\Program Files\Eclipse Adoptium\jdk-21.0.8.9-hotspot\bin\VCRUNTIME140.dll
0x00007ffb46770000 - 0x00007ffb46797000 	C:\WINDOWS\System32\win32u.dll
0x00007ffb48ff0000 - 0x00007ffb4901b000 	C:\WINDOWS\System32\GDI32.dll
0x00007ffb47060000 - 0x00007ffb4718c000 	C:\WINDOWS\System32\gdi32full.dll
0x00007ffb328b0000 - 0x00007ffb32b44000 	C:\WINDOWS\WinSxS\amd64_microsoft.windows.common-controls_6595b64144ccf1df_6.0.26100.7019_none_3e06ffa0e335b8a8\COMCTL32.dll
0x00007ffb46d80000 - 0x00007ffb46e23000 	C:\WINDOWS\System32\msvcp_win.dll
0x00007ffb47590000 - 0x00007ffb47639000 	C:\WINDOWS\System32\msvcrt.dll
0x00007ffb47720000 - 0x00007ffb47751000 	C:\WINDOWS\System32\IMM32.DLL
0x00007ffb3fad0000 - 0x00007ffb3fadc000 	C:\Program Files\Eclipse Adoptium\jdk-21.0.8.9-hotspot\bin\vcruntime140_1.dll
0x00007ffb112d0000 - 0x00007ffb1135d000 	C:\Program Files\Eclipse Adoptium\jdk-21.0.8.9-hotspot\bin\msvcp140.dll
0x00007ffaba200000 - 0x00007ffabaf97000 	C:\Program Files\Eclipse Adoptium\jdk-21.0.8.9-hotspot\bin\server\jvm.dll
0x00007ffb49080000 - 0x00007ffb49134000 	C:\WINDOWS\System32\ADVAPI32.dll
0x00007ffb480a0000 - 0x00007ffb48146000 	C:\WINDOWS\System32\sechost.dll
0x00007ffb48b80000 - 0x00007ffb48c98000 	C:\WINDOWS\System32\RPCRT4.dll
0x00007ffb47450000 - 0x00007ffb474c4000 	C:\WINDOWS\System32\WS2_32.dll
0x00007ffb465d0000 - 0x00007ffb4662e000 	C:\WINDOWS\SYSTEM32\POWRPROF.dll
0x00007ffb3e900000 - 0x00007ffb3e935000 	C:\WINDOWS\SYSTEM32\WINMM.dll
0x00007ffb3e940000 - 0x00007ffb3e94b000 	C:\WINDOWS\SYSTEM32\VERSION.dll
0x00007ffb465b0000 - 0x00007ffb465c4000 	C:\WINDOWS\SYSTEM32\UMPDC.dll
0x00007ffb454f0000 - 0x00007ffb4550b000 	C:\WINDOWS\SYSTEM32\kernel.appcore.dll
0x00007ffb30790000 - 0x00007ffb3079a000 	C:\Program Files\Eclipse Adoptium\jdk-21.0.8.9-hotspot\bin\jimage.dll
0x00007ffb373b0000 - 0x00007ffb375f2000 	C:\WINDOWS\SYSTEM32\DBGHELP.DLL
0x00007ffb47940000 - 0x00007ffb47ccb000 	C:\WINDOWS\System32\combase.dll
0x00007ffb47640000 - 0x00007ffb47717000 	C:\WINDOWS\System32\OLEAUT32.dll
0x00007ffb27960000 - 0x00007ffb2799c000 	C:\WINDOWS\SYSTEM32\dbgcore.DLL
0x00007ffb46e30000 - 0x00007ffb46ed5000 	C:\WINDOWS\System32\bcryptPrimitives.dll
0x00007ffb25630000 - 0x00007ffb2564f000 	C:\Program Files\Eclipse Adoptium\jdk-21.0.8.9-hotspot\bin\java.dll
0x00007ffb48320000 - 0x00007ffb48a6f000 	C:\WINDOWS\System32\SHELL32.dll
0x00007ffb47190000 - 0x00007ffb472fb000 	C:\WINDOWS\System32\wintypes.dll
0x00007ffb44350000 - 0x00007ffb44bad000 	C:\WINDOWS\SYSTEM32\windows.storage.dll
0x00007ffb47cd0000 - 0x00007ffb47dc2000 	C:\WINDOWS\System32\SHCORE.dll
0x00007ffb48a80000 - 0x00007ffb48ae7000 	C:\WINDOWS\System32\shlwapi.dll
0x00007ffb46690000 - 0x00007ffb466b9000 	C:\WINDOWS\SYSTEM32\profapi.dll
0x00007ffaf1090000 - 0x00007ffaf1167000 	C:\Program Files\Eclipse Adoptium\jdk-21.0.8.9-hotspot\bin\jsvml.dll
0x00007ffb2ed90000 - 0x00007ffb2eda0000 	C:\Program Files\Eclipse Adoptium\jdk-21.0.8.9-hotspot\bin\net.dll
0x00007ffb400f0000 - 0x00007ffb40218000 	C:\WINDOWS\SYSTEM32\WINHTTP.dll
0x00007ffb45a40000 - 0x00007ffb45aab000 	C:\WINDOWS\system32\mswsock.dll
0x00007ffb25610000 - 0x00007ffb25626000 	C:\Program Files\Eclipse Adoptium\jdk-21.0.8.9-hotspot\bin\nio.dll
0x00007ffb25070000 - 0x00007ffb25088000 	C:\Program Files\Eclipse Adoptium\jdk-21.0.8.9-hotspot\bin\zip.dll
0x00007ffb16670000 - 0x00007ffb16694000 	C:\Users\Usuario\.m2\wrapper\dists\apache-maven-3.9.11\03d7e36a140982eea48e22c1dcac01d8862b2550b2939e09a0809bbc5182a5bc\lib\jansi-native\Windows\x86_64\jansi.dll
0x00007ffb2c770000 - 0x00007ffb2c780000 	C:\Program Files\Eclipse Adoptium\jdk-21.0.8.9-hotspot\bin\verify.dll

JVMTI agents: none

dbghelp: loaded successfully - version: 4.0.5 - missing functions: none
symbol engine: initialized successfully - sym options: 0x614 - pdb path: .;C:\Program Files\Eclipse Adoptium\jdk-21.0.8.9-hotspot\bin;C:\WINDOWS\SYSTEM32;C:\WINDOWS\WinSxS\amd64_microsoft.windows.common-controls_6595b64144ccf1df_6.0.26100.7019_none_3e06ffa0e335b8a8;C:\Program Files\Eclipse Adoptium\jdk-21.0.8.9-hotspot\bin\server;C:\Users\Usuario\.m2\wrapper\dists\apache-maven-3.9.11\03d7e36a140982eea48e22c1dcac01d8862b2550b2939e09a0809bbc5182a5bc\lib\jansi-native\Windows\x86_64

VM Arguments:
jvm_args: --enable-native-access=ALL-UNNAMED -Dclassworlds.conf=C:\Users\Usuario\.m2\wrapper\dists\apache-maven-3.9.11\03d7e36a140982eea48e22c1dcac01d8862b2550b2939e09a0809bbc5182a5bc\bin\m2.conf -Dmaven.home=C:\Users\Usuario\.m2\wrapper\dists\apache-maven-3.9.11\03d7e36a140982eea48e22c1dcac01d8862b2550b2939e09a0809bbc5182a5bc -Dlibrary.jansi.path=C:\Users\Usuario\.m2\wrapper\dists\apache-maven-3.9.11\03d7e36a140982eea48e22c1dcac01d8862b2550b2939e09a0809bbc5182a5bc\lib\jansi-native -Dmaven.multiModuleProjectDirectory=c:\Users\Usuario\Desktop\Arqui\ArquiSoft-Grupo-1 
java_command: org.codehaus.plexus.classworlds.launcher.Launcher -q help:effective-pom -Doutput=c:\Users\Usuario\Desktop\Arqui\ArquiSoft-Grupo-1\effective-pom.xml
java_class_path (initial): C:\Users\Usuario\.m2\wrapper\dists\apache-maven-3.9.11\03d7e36a140982eea48e22c1dcac01d8862b2550b2939e09a0809bbc5182a5bc\boot\plexus-classworlds-2.9.0.jar
Launcher Type: SUN_STANDARD

[Global flags]
     intx CICompilerCount                          = 3                                         {product} {ergonomic}
     uint ConcGCThreads                            = 1                                         {product} {ergonomic}
     uint G1ConcRefinementThreads                  = 4                                         {product} {ergonomic}
   size_t G1HeapRegionSize                         = 1048576                                   {product} {ergonomic}
    uintx GCDrainStackTargetSize                   = 64                                        {product} {ergonomic}
   size_t InitialHeapSize                          = 123731968                                 {product} {ergonomic}
   size_t MarkStackSize                            = 4194304                                   {product} {ergonomic}
   size_t MaxHeapSize                              = 1977614336                                {product} {ergonomic}
   size_t MaxNewSize                               = 1185939456                                {product} {ergonomic}
   size_t MinHeapDeltaBytes                        = 1048576                                   {product} {ergonomic}
   size_t MinHeapSize                              = 8388608                                   {product} {ergonomic}
    uintx NonNMethodCodeHeapSize                   = 5832780                                {pd product} {ergonomic}
    uintx NonProfiledCodeHeapSize                  = 122912730                              {pd product} {ergonomic}
    uintx ProfiledCodeHeapSize                     = 122912730                              {pd product} {ergonomic}
    uintx ReservedCodeCacheSize                    = 251658240                              {pd product} {ergonomic}
     bool SegmentedCodeCache                       = true                                      {product} {ergonomic}
   size_t SoftMaxHeapSize                          = 1977614336                             {manageable} {ergonomic}
     bool UseCompressedOops                        = true                           {product lp64_product} {ergonomic}
     bool UseG1GC                                  = true                                      {product} {ergonomic}
     bool UseLargePagesIndividualAllocation        = false                                  {pd product} {ergonomic}

Logging:
Log output configuration:
 #0: stdout all=warning uptime,level,tags foldmultilines=false
 #1: stderr all=off uptime,level,tags foldmultilines=false

Environment Variables:
PATH=C:\Program Files\Eclipse Adoptium\jdk-21.0.8.9-hotspot\bin;C:\WINDOWS\system32;C:\WINDOWS;C:\WINDOWS\System32\Wbem;C:\WINDOWS\System32\WindowsPowerShell\v1.0\;C:\WINDOWS\System32\OpenSSH\;C:\Program Files\swipl\bin;C:\Program Files\Git\cmd;C:\Program Files\Docker\Docker\resources\bin;C:\minikube;C:\Users\Usuario\AppData\Local\Microsoft\WindowsApps;C:\Users\Usuario\Desktop\Microsoft VS Code\bin;C:\apache-maven-3.9.6\bin;C:\Users\Usuario\AppData\Local\Programs\cursor\resources\app\bin;C:\Users\Usuario\AppData\Local\gitkraken\bin;C:\minikube;
USERNAME=Usuario
OS=Windows_NT
PROCESSOR_IDENTIFIER=AMD64 Family 23 Model 96 Stepping 1, AuthenticAMD
TMP=C:\Users\Usuario\AppData\Local\Temp
TEMP=C:\Users\Usuario\AppData\Local\Temp




Periodic native trim disabled

---------------  S Y S T E M  ---------------

OS:
 Windows 11 , 64 bit Build 26100 (10.0.26100.7019)
OS uptime: 2 days 15:26 hours
Hyper-V role detected

CPU: total 4 (initial active 4) (4 cores per cpu, 1 threads per core) family 23 model 96 stepping 1 microcode 0x8600106, cx8, cmov, fxsr, mmx, 3dnowpref, sse, sse2, sse3, ssse3, sse4a, sse4.1, sse4.2, popcnt, lzcnt, tsc, tscinvbit, avx, avx2, aes, clmul, bmi1, bmi2, adx, sha, fma, vzeroupper, clflush, clflushopt, hv, rdtscp, rdpid, f16c
Processor Information for processor 0
  Max Mhz: 2700, Current Mhz: 2700, Mhz Limit: 2700
Processor Information for processor 1
  Max Mhz: 2700, Current Mhz: 2700, Mhz Limit: 2700
Processor Information for processor 2
  Max Mhz: 2700, Current Mhz: 2700, Mhz Limit: 2700
Processor Information for processor 3
  Max Mhz: 2700, Current Mhz: 1400, Mhz Limit: 2700

Memory: 4k page, system-wide physical 7538M (907M free)
TotalPageFile size 12050M (AvailPageFile size 0M)
current process WorkingSet (physical memory assigned to process): 67M, peak: 67M
current process commit charge ("private bytes"): 202M, peak: 202M

vm_info: OpenJDK 64-Bit Server VM (21.0.8+9-LTS) for windows-amd64 JRE (21.0.8+9-LTS), built on 2025-07-15T00:00:00Z by "admin" with MS VC++ 17.7 (VS2022)

END.
